[01m[K/home/zoujoey/Personal_Projects/kalman_ws/src/EKF_Filter/src/ex1_EKFilter.cpp:[m[K In function â€˜[01m[Kint main(int, char**)[m[Kâ€™:
[01m[K/home/zoujoey/Personal_Projects/kalman_ws/src/EKF_Filter/src/ex1_EKFilter.cpp:87:15:[m[K [01;31m[Kerror: [m[Kâ€˜[01m[Kcmath[m[Kâ€™ was not declared in this scope
   87 |         phi = [01;31m[Kcmath[m[K.pi/2;
      |               [01;31m[K^~~~~[m[K
make[2]: *** [CMakeFiles/Noisy_Circular_Data_Generator.dir/build.make:63: CMakeFiles/Noisy_Circular_Data_Generator.dir/src/ex1_EKFilter.cpp.o] Error 1
make[1]: *** [CMakeFiles/Makefile2:1494: CMakeFiles/Noisy_Circular_Data_Generator.dir/all] Error 2
make[1]: *** Waiting for unfinished jobs....
[01m[K/home/zoujoey/Personal_Projects/kalman_ws/src/EKF_Filter/src/EK_Filter.cpp:[m[K In member function â€˜[01m[Kvoid EKalman::EK_Filter::odom_Callback(const Odometry&)[m[Kâ€™:
[01m[K/home/zoujoey/Personal_Projects/kalman_ws/src/EKF_Filter/src/EK_Filter.cpp:66:20:[m[K [01;31m[Kerror: [m[Kâ€˜[01m[Kcmath[m[Kâ€™ was not declared in this scope
   66 |     x   << y(0),0, [01;31m[Kcmath[m[K.pi/2;
      |                    [01;31m[K^~~~~[m[K
make[2]: *** [CMakeFiles/EK_Filter.dir/build.make:76: CMakeFiles/EK_Filter.dir/src/EK_Filter.cpp.o] Error 1
make[1]: *** [CMakeFiles/Makefile2:1305: CMakeFiles/EK_Filter.dir/all] Error 2
make: *** [Makefile:141: all] Error 2
