[01m[K/home/zoujoey/Personal_Projects/kalman_ws/src/EKF_Filter/src/ex1_EKFilter.cpp:[m[K In function â€˜[01m[Kint main(int, char**)[m[Kâ€™:
[01m[K/home/zoujoey/Personal_Projects/kalman_ws/src/EKF_Filter/src/ex1_EKFilter.cpp:66:23:[m[K [01;31m[Kerror: [m[Kexpected â€˜[01m[K;[m[Kâ€™ before â€˜[01m[Kdouble[m[Kâ€™
   66 |         std::cout << t
      |                       [01;31m[K^[m[K
      |                       [32m[K;[m[K
   67 |         // Calculate position, velocity, and acceleration at time t
   68 |         [32m[Kdouble[m[K t, r, v0, x, y, vx, vy;
      |         [32m[K~~~~~~[m[K         
[01m[K/home/zoujoey/Personal_Projects/kalman_ws/src/EKF_Filter/src/ex1_EKFilter.cpp:69:35:[m[K [01;31m[Kerror: [m[Kâ€˜[01m[Kx[m[Kâ€™ was not declared in this scope
   69 |         motionEquations(t, r, v0, [01;31m[Kx[m[K, y, vx, vy);
      |                                   [01;31m[K^[m[K
[01m[K/home/zoujoey/Personal_Projects/kalman_ws/src/EKF_Filter/src/ex1_EKFilter.cpp:69:38:[m[K [01;31m[Kerror: [m[Kâ€˜[01m[Ky[m[Kâ€™ was not declared in this scope
   69 |         motionEquations(t, r, v0, x, [01;31m[Ky[m[K, vx, vy);
      |                                      [01;31m[K^[m[K
[01m[K/home/zoujoey/Personal_Projects/kalman_ws/src/EKF_Filter/src/ex1_EKFilter.cpp:69:41:[m[K [01;31m[Kerror: [m[Kâ€˜[01m[Kvx[m[Kâ€™ was not declared in this scope; did you mean â€˜[01m[Kv0[m[Kâ€™?
   69 |         motionEquations(t, r, v0, x, y, [01;31m[Kvx[m[K, vy);
      |                                         [01;31m[K^~[m[K
      |                                         [32m[Kv0[m[K
[01m[K/home/zoujoey/Personal_Projects/kalman_ws/src/EKF_Filter/src/ex1_EKFilter.cpp:69:45:[m[K [01;31m[Kerror: [m[Kâ€˜[01m[Kvy[m[Kâ€™ was not declared in this scope; did you mean â€˜[01m[Kv0[m[Kâ€™?
   69 |         motionEquations(t, r, v0, x, y, vx, [01;31m[Kvy[m[K);
      |                                             [01;31m[K^~[m[K
      |                                             [32m[Kv0[m[K
make[2]: *** [CMakeFiles/Noisy_Circular_Data_Generator.dir/build.make:63: CMakeFiles/Noisy_Circular_Data_Generator.dir/src/ex1_EKFilter.cpp.o] Error 1
make[1]: *** [CMakeFiles/Makefile2:1465: CMakeFiles/Noisy_Circular_Data_Generator.dir/all] Error 2
make: *** [Makefile:141: all] Error 2
