[01m[K/home/zoujoey/ADR_stuff/adr_ws/src/lec4/src/feature_detector.cpp:[m[K In member function â€˜[01m[Kvoid lec4::FeatureDetector::odomCallback(const Odometry&)[m[Kâ€™:
[01m[K/home/zoujoey/ADR_stuff/adr_ws/src/lec4/src/feature_detector.cpp:52:22:[m[K [01;31m[Kerror: [m[Kno match for â€˜[01m[Koperator=[m[Kâ€™ (operand types are â€˜[01m[Klec4::FeatureDetector::EulerAngles[m[Kâ€™ and â€˜[01m[Kvoid[m[Kâ€™)
   52 |     e = quatToEuler(q[01;31m[K)[m[K;
      |                      [01;31m[K^[m[K
In file included from [01m[K/home/zoujoey/ADR_stuff/adr_ws/src/lec4/src/feature_detector.cpp:1[m[K:
[01m[K/home/zoujoey/ADR_stuff/adr_ws/src/lec4/src/feature_detector.h:30:10:[m[K [01;36m[Knote: [m[Kcandidate: â€˜[01m[Kconstexpr lec4::FeatureDetector::EulerAngles& lec4::FeatureDetector::EulerAngles::operator=(const lec4::FeatureDetector::EulerAngles&)[m[Kâ€™
   30 |   struct [01;36m[KEulerAngles[m[K {
      |          [01;36m[K^~~~~~~~~~~[m[K
[01m[K/home/zoujoey/ADR_stuff/adr_ws/src/lec4/src/feature_detector.h:30:10:[m[K [01;36m[Knote: [m[K  no known conversion for argument 1 from â€˜[01m[Kvoid[m[Kâ€™ to â€˜[01m[Kconst lec4::FeatureDetector::EulerAngles&[m[Kâ€™
[01m[K/home/zoujoey/ADR_stuff/adr_ws/src/lec4/src/feature_detector.h:30:10:[m[K [01;36m[Knote: [m[Kcandidate: â€˜[01m[Kconstexpr lec4::FeatureDetector::EulerAngles& lec4::FeatureDetector::EulerAngles::operator=(lec4::FeatureDetector::EulerAngles&&)[m[Kâ€™
[01m[K/home/zoujoey/ADR_stuff/adr_ws/src/lec4/src/feature_detector.h:30:10:[m[K [01;36m[Knote: [m[K  no known conversion for argument 1 from â€˜[01m[Kvoid[m[Kâ€™ to â€˜[01m[Klec4::FeatureDetector::EulerAngles&&[m[Kâ€™
[01m[K/home/zoujoey/ADR_stuff/adr_ws/src/lec4/src/feature_detector.cpp:[m[K In member function â€˜[01m[Kvoid lec4::FeatureDetector::quatToEuler(lec4::FeatureDetector::Quaternion)[m[Kâ€™:
[01m[K/home/zoujoey/ADR_stuff/adr_ws/src/lec4/src/feature_detector.cpp:74:12:[m[K [01;31m[Kerror: [m[Kreturn-statement with a value, in function returning â€˜[01m[Kvoid[m[Kâ€™ [[01;31m[K-fpermissive[m[K]
   74 |     return [01;31m[Kangles[m[K;
      |            [01;31m[K^~~~~~[m[K
make[2]: *** [CMakeFiles/exp4_feature_detector.dir/build.make:76: CMakeFiles/exp4_feature_detector.dir/src/feature_detector.cpp.o] Error 1
make[1]: *** [CMakeFiles/Makefile2:175: CMakeFiles/exp4_feature_detector.dir/all] Error 2
make: *** [Makefile:141: all] Error 2
